<?xml version="1.0" encoding="UTF-8"?>
<testsuite xmlns:xsi="http://www.w3.org/2001/XMLSchema-instance" xsi:noNamespaceSchemaLocation="https://maven.apache.org/surefire/maven-surefire-plugin/xsd/surefire-test-report.xsd" name="aserron.dlocal.demo.pm.rest.ManagerControllerIntegrationTest" time="4.517" tests="7" errors="0" skipped="0" failures="0">
  <properties>
[...]
</properties>
  <testcase name="createSaleIdempotency" classname="aserron.dlocal.demo.pm.rest.ManagerControllerIntegrationTest" time="0.675"/>
  <testcase name="createSaleSuccess" classname="aserron.dlocal.demo.pm.rest.ManagerControllerIntegrationTest" time="0.567"/>
  <testcase name="getSaleStatus" classname="aserron.dlocal.demo.pm.rest.ManagerControllerIntegrationTest" time="0.037"/>
  <testcase name="getBalance" classname="aserron.dlocal.demo.pm.rest.ManagerControllerIntegrationTest" time="0.037"/>
  <testcase name="getSaleStatusInvalidUuid" classname="aserron.dlocal.demo.pm.rest.ManagerControllerIntegrationTest" time="0.027"/>
  <testcase name="batchJobProcessesPendingTransactions" classname="aserron.dlocal.demo.pm.rest.ManagerControllerIntegrationTest" time="0.025"/>
  <testcase name="createSaleInvalidMerchant" classname="aserron.dlocal.demo.pm.rest.ManagerControllerIntegrationTest" time="0.017"/>
</testsuite>